01_Sensor_Collection_App/build/app/intermediates/manifest_merge_blame_file/debug/manifest-merger-blame-debug-report.txt
1<?xml version="1.0" encoding="utf-8"?>
2<manifest xmlns:android="http://schemas.android.com/apk/res/android"
3    package="com.example.biometrics"
4    android:versionCode="1"
5    android:versionName="1.0.0" >
6
7    <uses-sdk
8        android:minSdkVersion="21"
9        android:targetSdkVersion="34" />
10    <!--
11         The INTERNET permission is required for development. Specifically,
12         the Flutter tool needs it to communicate with the running application
13         to allow setting breakpoints, to provide hot reload, etc.
14    -->
15    <uses-permission android:name="android.permission.INTERNET" />
15-->src\main\AndroidManifest.xml:7:5-66
15-->src\main\AndroidManifest.xml:7:22-64
16    <!-- Permissions -->
17    <uses-permission android:name="android.permission.WRITE_EXTERNAL_STORAGE" />
17-->src\main\AndroidManifest.xml:5:5-80
17-->src\main\AndroidManifest.xml:5:22-78
18    <uses-permission android:name="android.permission.READ_EXTERNAL_STORAGE" />
18-->src\main\AndroidManifest.xml:6:5-79
18-->src\main\AndroidManifest.xml:6:22-77
19    <uses-permission android:name="android.permission.MANAGE_EXTERNAL_STORAGE" />
19-->src\main\AndroidManifest.xml:8:5-9:40
19-->src\main\AndroidManifest.xml:8:22-79
20    <uses-permission android:name="android.permission.FOREGROUND_SERVICE" />
20-->src\main\AndroidManifest.xml:10:5-76
20-->src\main\AndroidManifest.xml:10:22-74
21    <uses-permission android:name="android.permission.WAKE_LOCK" />
21-->src\main\AndroidManifest.xml:11:5-68
21-->src\main\AndroidManifest.xml:11:22-65
22    <uses-permission android:name="android.permission.REQUEST_IGNORE_BATTERY_OPTIMIZATIONS" /> <!-- Add the required permission for dataSync foreground service type -->
22-->src\main\AndroidManifest.xml:12:5-94
22-->src\main\AndroidManifest.xml:12:22-92
23    <uses-permission android:name="android.permission.FOREGROUND_SERVICE_DATA_SYNC" /> <!-- Queries (used for intent resolution) -->
23-->src\main\AndroidManifest.xml:14:5-86
23-->src\main\AndroidManifest.xml:14:22-84
24    <queries>
24-->src\main\AndroidManifest.xml:57:5-62:15
25        <intent>
25-->src\main\AndroidManifest.xml:58:9-61:18
26            <action android:name="android.intent.action.PROCESS_TEXT" />
26-->src\main\AndroidManifest.xml:59:13-72
26-->src\main\AndroidManifest.xml:59:21-70
27
28            <data android:mimeType="text/plain" />
28-->src\main\AndroidManifest.xml:60:13-50
28-->src\main\AndroidManifest.xml:60:19-48
29        </intent>
30    </queries>
31
32    <uses-permission android:name="android.permission.RECEIVE_BOOT_COMPLETED" />
32-->[:flutter_background_service_android] AndroidManifest.xml:8:5-81
32-->[:flutter_background_service_android] AndroidManifest.xml:8:22-78
33    <uses-permission android:name="android.permission.VIBRATE" />
33-->[:flutter_local_notifications] AndroidManifest.xml:7:5-66
33-->[:flutter_local_notifications] AndroidManifest.xml:7:22-63
34    <uses-permission android:name="android.permission.POST_NOTIFICATIONS" />
34-->[:flutter_local_notifications] AndroidManifest.xml:8:5-77
34-->[:flutter_local_notifications] AndroidManifest.xml:8:22-74
35
36    <permission
36-->[androidx.core:core:1.13.1] AndroidManifest.xml:22:5-24:47
37        android:name="com.example.biometrics.DYNAMIC_RECEIVER_NOT_EXPORTED_PERMISSION"
37-->[androidx.core:core:1.13.1] AndroidManifest.xml:23:9-81
38        android:protectionLevel="signature" />
38-->[androidx.core:core:1.13.1] AndroidManifest.xml:24:9-44
39
40    <uses-permission android:name="com.example.biometrics.DYNAMIC_RECEIVER_NOT_EXPORTED_PERMISSION" />
40-->[androidx.core:core:1.13.1] AndroidManifest.xml:26:5-97
40-->[androidx.core:core:1.13.1] AndroidManifest.xml:26:22-94
41
42    <application
43        android:name="android.app.Application"
44        android:appComponentFactory="androidx.core.app.CoreComponentFactory"
44-->[androidx.core:core:1.13.1] AndroidManifest.xml:28:18-86
45        android:debuggable="true"
46        android:enableOnBackInvokedCallback="true"
47        android:icon="@mipmap/ic_launcher"
48        android:label="biometrics"
49        android:requestLegacyExternalStorage="true" >
50
51        <!-- MainActivity Declaration -->
52        <activity
53            android:name="com.example.biometrics.MainActivity"
54            android:configChanges="orientation|keyboardHidden|keyboard|screenSize|smallestScreenSize|locale|layoutDirection|fontScale|screenLayout|density|uiMode"
55            android:exported="true"
56            android:hardwareAccelerated="true"
57            android:launchMode="singleTop"
58            android:theme="@style/LaunchTheme"
59            android:windowSoftInputMode="adjustResize" >
60            <meta-data
61                android:name="io.flutter.embedding.android.NormalTheme"
62                android:resource="@style/NormalTheme" />
63
64            <intent-filter>
65                <action android:name="android.intent.action.MAIN" />
66
67                <category android:name="android.intent.category.LAUNCHER" />
68            </intent-filter>
69        </activity>
70
71        <!-- Flutter Embedding Version -->
72        <meta-data
73            android:name="flutterEmbedding"
74            android:value="2" />
75
76        <!-- Background Service Declaration -->
77        <service
78            android:name="com.example.biometrics.MyBackgroundService"
79            android:enabled="true"
80            android:exported="false"
81            android:foregroundServiceType="dataSync" /> <!-- Specify the foreground service type here -->
82
83        <service
83-->[:flutter_background_service_android] AndroidManifest.xml:12:9-16:44
84            android:name="id.flutter.flutter_background_service.BackgroundService"
84-->[:flutter_background_service_android] AndroidManifest.xml:13:13-83
85            android:enabled="true"
85-->[:flutter_background_service_android] AndroidManifest.xml:14:13-35
86            android:exported="true"
86-->[:flutter_background_service_android] AndroidManifest.xml:15:13-36
87            android:stopWithTask="false" />
87-->[:flutter_background_service_android] AndroidManifest.xml:16:13-41
88
89        <receiver
89-->[:flutter_background_service_android] AndroidManifest.xml:18:9-21:39
90            android:name="id.flutter.flutter_background_service.WatchdogReceiver"
90-->[:flutter_background_service_android] AndroidManifest.xml:19:13-82
91            android:enabled="true"
91-->[:flutter_background_service_android] AndroidManifest.xml:20:13-35
92            android:exported="true" />
92-->[:flutter_background_service_android] AndroidManifest.xml:21:13-36
93        <receiver
93-->[:flutter_background_service_android] AndroidManifest.xml:22:9-31:20
94            android:name="id.flutter.flutter_background_service.BootReceiver"
94-->[:flutter_background_service_android] AndroidManifest.xml:23:13-78
95            android:enabled="true"
95-->[:flutter_background_service_android] AndroidManifest.xml:24:13-35
96            android:exported="true" >
96-->[:flutter_background_service_android] AndroidManifest.xml:25:13-36
97            <intent-filter>
97-->[:flutter_background_service_android] AndroidManifest.xml:26:13-30:29
98                <action android:name="android.intent.action.BOOT_COMPLETED" />
98-->[:flutter_background_service_android] AndroidManifest.xml:27:17-79
98-->[:flutter_background_service_android] AndroidManifest.xml:27:25-76
99                <action android:name="android.intent.action.QUICKBOOT_POWERON" />
99-->[:flutter_background_service_android] AndroidManifest.xml:28:17-82
99-->[:flutter_background_service_android] AndroidManifest.xml:28:25-79
100                <action android:name="android.intent.action.MY_PACKAGE_REPLACED" />
100-->[:flutter_background_service_android] AndroidManifest.xml:29:17-84
100-->[:flutter_background_service_android] AndroidManifest.xml:29:25-81
101            </intent-filter>
102        </receiver>
103
104        <provider
104-->[:flutter_email_sender] AndroidManifest.xml:8:9-16:20
105            android:name="com.sidlatau.flutteremailsender.FlutterEmailSenderFileProvider"
105-->[:flutter_email_sender] AndroidManifest.xml:9:13-90
106            android:authorities="com.example.biometrics.file_provider"
106-->[:flutter_email_sender] AndroidManifest.xml:10:13-65
107            android:exported="false"
107-->[:flutter_email_sender] AndroidManifest.xml:11:13-37
108            android:grantUriPermissions="true" >
108-->[:flutter_email_sender] AndroidManifest.xml:12:13-47
109            <meta-data
109-->[:flutter_email_sender] AndroidManifest.xml:13:13-15:61
110                android:name="android.support.FILE_PROVIDER_PATHS"
110-->[:flutter_email_sender] AndroidManifest.xml:14:17-67
111                android:resource="@xml/shared_file_paths" />
111-->[:flutter_email_sender] AndroidManifest.xml:15:17-58
112        </provider>
113        <!--
114           Declares a provider which allows us to store files to share in
115           '.../caches/share_plus' and grant the receiving action access
116        -->
117        <provider
117-->[:share_plus] AndroidManifest.xml:13:9-21:20
118            android:name="dev.fluttercommunity.plus.share.ShareFileProvider"
118-->[:share_plus] AndroidManifest.xml:14:13-77
119            android:authorities="com.example.biometrics.flutter.share_provider"
119-->[:share_plus] AndroidManifest.xml:15:13-74
120            android:exported="false"
120-->[:share_plus] AndroidManifest.xml:16:13-37
121            android:grantUriPermissions="true" >
121-->[:share_plus] AndroidManifest.xml:17:13-47
122            <meta-data
122-->[:flutter_email_sender] AndroidManifest.xml:13:13-15:61
123                android:name="android.support.FILE_PROVIDER_PATHS"
123-->[:flutter_email_sender] AndroidManifest.xml:14:17-67
124                android:resource="@xml/flutter_share_file_paths" />
124-->[:flutter_email_sender] AndroidManifest.xml:15:17-58
125        </provider>
126        <!--
127           This manifest declared broadcast receiver allows us to use an explicit
128           Intent when creating a PendingItent to be informed of the user's choice
129        -->
130        <receiver
130-->[:share_plus] AndroidManifest.xml:26:9-32:20
131            android:name="dev.fluttercommunity.plus.share.SharePlusPendingIntent"
131-->[:share_plus] AndroidManifest.xml:27:13-82
132            android:exported="false" >
132-->[:share_plus] AndroidManifest.xml:28:13-37
133            <intent-filter>
133-->[:share_plus] AndroidManifest.xml:29:13-31:29
134                <action android:name="EXTRA_CHOSEN_COMPONENT" />
134-->[:share_plus] AndroidManifest.xml:30:17-65
134-->[:share_plus] AndroidManifest.xml:30:25-62
135            </intent-filter>
136        </receiver>
137
138        <uses-library
138-->[androidx.window:window:1.2.0] AndroidManifest.xml:23:9-25:40
139            android:name="androidx.window.extensions"
139-->[androidx.window:window:1.2.0] AndroidManifest.xml:24:13-54
140            android:required="false" />
140-->[androidx.window:window:1.2.0] AndroidManifest.xml:25:13-37
141        <uses-library
141-->[androidx.window:window:1.2.0] AndroidManifest.xml:26:9-28:40
142            android:name="androidx.window.sidecar"
142-->[androidx.window:window:1.2.0] AndroidManifest.xml:27:13-51
143            android:required="false" />
143-->[androidx.window:window:1.2.0] AndroidManifest.xml:28:13-37
144
145        <provider
145-->[androidx.emoji2:emoji2:1.2.0] AndroidManifest.xml:24:9-32:20
146            android:name="androidx.startup.InitializationProvider"
146-->[androidx.emoji2:emoji2:1.2.0] AndroidManifest.xml:25:13-67
147            android:authorities="com.example.biometrics.androidx-startup"
147-->[androidx.emoji2:emoji2:1.2.0] AndroidManifest.xml:26:13-68
148            android:exported="false" >
148-->[androidx.emoji2:emoji2:1.2.0] AndroidManifest.xml:27:13-37
149            <meta-data
149-->[androidx.emoji2:emoji2:1.2.0] AndroidManifest.xml:29:13-31:52
150                android:name="androidx.emoji2.text.EmojiCompatInitializer"
150-->[androidx.emoji2:emoji2:1.2.0] AndroidManifest.xml:30:17-75
151                android:value="androidx.startup" />
151-->[androidx.emoji2:emoji2:1.2.0] AndroidManifest.xml:31:17-49
152            <meta-data
152-->[androidx.lifecycle:lifecycle-process:2.7.0] AndroidManifest.xml:29:13-31:52
153                android:name="androidx.lifecycle.ProcessLifecycleInitializer"
153-->[androidx.lifecycle:lifecycle-process:2.7.0] AndroidManifest.xml:30:17-78
154                android:value="androidx.startup" />
154-->[androidx.lifecycle:lifecycle-process:2.7.0] AndroidManifest.xml:31:17-49
155            <meta-data
155-->[androidx.profileinstaller:profileinstaller:1.3.1] AndroidManifest.xml:29:13-31:52
156                android:name="androidx.profileinstaller.ProfileInstallerInitializer"
156-->[androidx.profileinstaller:profileinstaller:1.3.1] AndroidManifest.xml:30:17-85
157                android:value="androidx.startup" />
157-->[androidx.profileinstaller:profileinstaller:1.3.1] AndroidManifest.xml:31:17-49
158        </provider>
159
160        <receiver
160-->[androidx.profileinstaller:profileinstaller:1.3.1] AndroidManifest.xml:34:9-52:20
161            android:name="androidx.profileinstaller.ProfileInstallReceiver"
161-->[androidx.profileinstaller:profileinstaller:1.3.1] AndroidManifest.xml:35:13-76
162            android:directBootAware="false"
162-->[androidx.profileinstaller:profileinstaller:1.3.1] AndroidManifest.xml:36:13-44
163            android:enabled="true"
163-->[androidx.profileinstaller:profileinstaller:1.3.1] AndroidManifest.xml:37:13-35
164            android:exported="true"
164-->[androidx.profileinstaller:profileinstaller:1.3.1] AndroidManifest.xml:38:13-36
165            android:permission="android.permission.DUMP" >
165-->[androidx.profileinstaller:profileinstaller:1.3.1] AndroidManifest.xml:39:13-57
166            <intent-filter>
166-->[androidx.profileinstaller:profileinstaller:1.3.1] AndroidManifest.xml:40:13-42:29
167                <action android:name="androidx.profileinstaller.action.INSTALL_PROFILE" />
167-->[androidx.profileinstaller:profileinstaller:1.3.1] AndroidManifest.xml:41:17-91
167-->[androidx.profileinstaller:profileinstaller:1.3.1] AndroidManifest.xml:41:25-88
168            </intent-filter>
169            <intent-filter>
169-->[androidx.profileinstaller:profileinstaller:1.3.1] AndroidManifest.xml:43:13-45:29
170                <action android:name="androidx.profileinstaller.action.SKIP_FILE" />
170-->[androidx.profileinstaller:profileinstaller:1.3.1] AndroidManifest.xml:44:17-85
170-->[androidx.profileinstaller:profileinstaller:1.3.1] AndroidManifest.xml:44:25-82
171            </intent-filter>
172            <intent-filter>
172-->[androidx.profileinstaller:profileinstaller:1.3.1] AndroidManifest.xml:46:13-48:29
173                <action android:name="androidx.profileinstaller.action.SAVE_PROFILE" />
173-->[androidx.profileinstaller:profileinstaller:1.3.1] AndroidManifest.xml:47:17-88
173-->[androidx.profileinstaller:profileinstaller:1.3.1] AndroidManifest.xml:47:25-85
174            </intent-filter>
175            <intent-filter>
175-->[androidx.profileinstaller:profileinstaller:1.3.1] AndroidManifest.xml:49:13-51:29
176                <action android:name="androidx.profileinstaller.action.BENCHMARK_OPERATION" />
176-->[androidx.profileinstaller:profileinstaller:1.3.1] AndroidManifest.xml:50:17-95
176-->[androidx.profileinstaller:profileinstaller:1.3.1] AndroidManifest.xml:50:25-92
177            </intent-filter>
178        </receiver>
179    </application>
180
181</manifest>